<?xml version="1.0" encoding="UTF-8"?>
<!-- Generated by org.testng.reporters.JUnitXMLReporter -->
<testsuite hostname="Lenovo-PC" ignored="0" name="Test" tests="14" failures="2" timestamp="12 Jun 2020 09:10:50 GMT" time="576.926" errors="0">
  <testcase name="loginpageTitleTest" time="0.031" classname="Com.crm.qa.testCases.LoginPageTest"/>
  <testcase name="logotest" time="40.768" classname="Com.crm.qa.testCases.LoginPageTest">
    <skipped/>
  </testcase> <!-- logotest -->
  <testcase name="logotest" time="40.448" classname="Com.crm.qa.testCases.LoginPageTest">
    <skipped/>
  </testcase> <!-- logotest -->
  <testcase name="logotest" time="40.486" classname="Com.crm.qa.testCases.LoginPageTest">
    <failure type="org.openqa.selenium.NoSuchElementException" message="Unable to locate element: {&amp;quot;method&amp;quot;:&amp;quot;xpath&amp;quot;,&amp;quot;selector&amp;quot;:&amp;quot;//i[@class=&amp;apos;fb_logo img sp_iweMvYcNOXG sx_c594d5&amp;apos;]&amp;quot;}
Command duration or timeout: 40.16 seconds
For documentation on this error, please visit: http://seleniumhq.org/exceptions/no_such_element.html
Build info: version: &amp;apos;2.45.0&amp;apos;, revision: &amp;apos;5017cb8e7ca8e37638dc3091b2440b90a1d8686f&amp;apos;, time: &amp;apos;2015-02-27 09:10:26&amp;apos;
System info: host: &amp;apos;Lenovo-PC&amp;apos;, ip: &amp;apos;192.168.1.6&amp;apos;, os.name: &amp;apos;Windows 8.1&amp;apos;, os.arch: &amp;apos;amd64&amp;apos;, os.version: &amp;apos;6.3&amp;apos;, java.version: &amp;apos;1.8.0_251&amp;apos;
Driver info: org.openqa.selenium.firefox.FirefoxDriver
Capabilities [{applicationCacheEnabled=true, rotatable=false, handlesAlerts=true, databaseEnabled=true, version=27.0.1, platform=WINDOWS, browserConnectionEnabled=true, nativeEvents=false, acceptSslCerts=true, webStorageEnabled=true, locationContextEnabled=true, browserName=firefox, takesScreenshot=true, javascriptEnabled=true, cssSelectorsEnabled=true}]
Session ID: 4722fcdd-ca2c-4d25-9486-d59cffae04d8
*** Element info: {Using=xpath, value=//i[@class=&amp;apos;fb_logo img sp_iweMvYcNOXG sx_c594d5&amp;apos;]}">
      <![CDATA[org.openqa.selenium.NoSuchElementException: Unable to locate element: {"method":"xpath","selector":"//i[@class='fb_logo img sp_iweMvYcNOXG sx_c594d5']"}
Command duration or timeout: 40.16 seconds
For documentation on this error, please visit: http://seleniumhq.org/exceptions/no_such_element.html
Build info: version: '2.45.0', revision: '5017cb8e7ca8e37638dc3091b2440b90a1d8686f', time: '2015-02-27 09:10:26'
System info: host: 'Lenovo-PC', ip: '192.168.1.6', os.name: 'Windows 8.1', os.arch: 'amd64', os.version: '6.3', java.version: '1.8.0_251'
Driver info: org.openqa.selenium.firefox.FirefoxDriver
Capabilities [{applicationCacheEnabled=true, rotatable=false, handlesAlerts=true, databaseEnabled=true, version=27.0.1, platform=WINDOWS, browserConnectionEnabled=true, nativeEvents=false, acceptSslCerts=true, webStorageEnabled=true, locationContextEnabled=true, browserName=firefox, takesScreenshot=true, javascriptEnabled=true, cssSelectorsEnabled=true}]
Session ID: 4722fcdd-ca2c-4d25-9486-d59cffae04d8
*** Element info: {Using=xpath, value=//i[@class='fb_logo img sp_iweMvYcNOXG sx_c594d5']}
at org.openqa.selenium.remote.ErrorHandler.createThrowable(ErrorHandler.java:204)
at org.openqa.selenium.remote.ErrorHandler.throwIfResponseFailed(ErrorHandler.java:156)
at org.openqa.selenium.remote.RemoteWebDriver.execute(RemoteWebDriver.java:599)
at org.openqa.selenium.remote.RemoteWebDriver.findElement(RemoteWebDriver.java:352)
at org.openqa.selenium.remote.RemoteWebDriver.findElementByXPath(RemoteWebDriver.java:449)
at org.openqa.selenium.By$ByXPath.findElement(By.java:357)
at org.openqa.selenium.remote.RemoteWebDriver.findElement(RemoteWebDriver.java:344)
at org.openqa.selenium.support.events.EventFiringWebDriver$2.invoke(EventFiringWebDriver.java:101)
at com.sun.proxy.$Proxy8.findElement(Unknown Source)
at org.openqa.selenium.support.events.EventFiringWebDriver.findElement(EventFiringWebDriver.java:184)
at org.openqa.selenium.support.pagefactory.DefaultElementLocator.findElement(DefaultElementLocator.java:59)
at org.openqa.selenium.support.pagefactory.internal.LocatingElementHandler.invoke(LocatingElementHandler.java:37)
at com.sun.proxy.$Proxy10.isDisplayed(Unknown Source)
at Com.crm.qa.pages.LoginPage.validategoogleimage(LoginPage.java:45)
at Com.crm.qa.testCases.LoginPageTest.logotest(LoginPageTest.java:54)
Caused by: org.openqa.selenium.NoSuchElementException: Unable to locate element: {"method":"xpath","selector":"//i[@class='fb_logo img sp_iweMvYcNOXG sx_c594d5']"}
For documentation on this error, please visit: http://seleniumhq.org/exceptions/no_such_element.html
Build info: version: '2.45.0', revision: '5017cb8e7ca8e37638dc3091b2440b90a1d8686f', time: '2015-02-27 09:10:26'
System info: host: 'Lenovo-PC', ip: '192.168.1.6', os.name: 'Windows 8.1', os.arch: 'amd64', os.version: '6.3', java.version: '1.8.0_251'
Driver info: driver.version: unknown
at <anonymous class>.FirefoxDriver.prototype.findElementInternal_(file:///C:/Users/nidhi/AppData/Local/Temp/anonymous7817313273770756175webdriver-profile/extensions/fxdriver@googlecode.com/components/driver-component.js:10271)
at <anonymous class>.fxdriver.Timer.prototype.setTimeout/<.notify(file:///C:/Users/nidhi/AppData/Local/Temp/anonymous7817313273770756175webdriver-profile/extensions/fxdriver@googlecode.com/components/driver-component.js:603)
... Removed 33 stack frames]]>
    </failure>
  </testcase> <!-- logotest -->
  <testcase name="lOGIN" time="3.192" classname="Com.crm.qa.testCases.LoginPageTest"/>
  <testcase name="VerifyHomePageTitle" time="6.956" classname="Com.crm.qa.testCases.HomePageTest"/>
  <testcase name="UserNameVerifyTest" time="8.86" classname="Com.crm.qa.testCases.HomePageTest"/>
  <testcase name="ClickOnFriendLinkTest" time="6.546" classname="Com.crm.qa.testCases.HomePageTest"/>
  <testcase name="HomeClickTest" time="5.861" classname="Com.crm.qa.testCases.HomePageTest"/>
  <testcase name="CreateEventTest" time="12.92" classname="Com.crm.qa.testCases.HomePageTest"/>
  <testcase name="verifyLabelTest" time="5.424" classname="Com.crm.qa.testCases.FriendsPageTest"/>
  <testcase name="ImageLinkClick" time="13.145" classname="Com.crm.qa.testCases.FriendsPageTest">
    <skipped/>
  </testcase> <!-- ImageLinkClick -->
  <testcase name="ImageLinkClick" time="16.498" classname="Com.crm.qa.testCases.FriendsPageTest">
    <skipped/>
  </testcase> <!-- ImageLinkClick -->
  <testcase name="ImageLinkClick" time="16.399" classname="Com.crm.qa.testCases.FriendsPageTest">
    <failure type="org.openqa.selenium.ElementNotVisibleException" message="Element is not currently visible and so may not be interacted with
Command duration or timeout: 11.05 seconds
Build info: version: &amp;apos;2.45.0&amp;apos;, revision: &amp;apos;5017cb8e7ca8e37638dc3091b2440b90a1d8686f&amp;apos;, time: &amp;apos;2015-02-27 09:10:26&amp;apos;
System info: host: &amp;apos;Lenovo-PC&amp;apos;, ip: &amp;apos;192.168.1.6&amp;apos;, os.name: &amp;apos;Windows 8.1&amp;apos;, os.arch: &amp;apos;amd64&amp;apos;, os.version: &amp;apos;6.3&amp;apos;, java.version: &amp;apos;1.8.0_251&amp;apos;
Driver info: org.openqa.selenium.firefox.FirefoxDriver
Capabilities [{applicationCacheEnabled=true, rotatable=false, handlesAlerts=true, databaseEnabled=true, version=27.0.1, platform=WINDOWS, browserConnectionEnabled=true, nativeEvents=false, acceptSslCerts=true, webStorageEnabled=true, locationContextEnabled=true, browserName=firefox, takesScreenshot=true, javascriptEnabled=true, cssSelectorsEnabled=true}]
Session ID: b2bf6a24-ab56-48ee-93cc-72db9c7dc51f">
      <![CDATA[org.openqa.selenium.ElementNotVisibleException: Element is not currently visible and so may not be interacted with
Command duration or timeout: 11.05 seconds
Build info: version: '2.45.0', revision: '5017cb8e7ca8e37638dc3091b2440b90a1d8686f', time: '2015-02-27 09:10:26'
System info: host: 'Lenovo-PC', ip: '192.168.1.6', os.name: 'Windows 8.1', os.arch: 'amd64', os.version: '6.3', java.version: '1.8.0_251'
Driver info: org.openqa.selenium.firefox.FirefoxDriver
Capabilities [{applicationCacheEnabled=true, rotatable=false, handlesAlerts=true, databaseEnabled=true, version=27.0.1, platform=WINDOWS, browserConnectionEnabled=true, nativeEvents=false, acceptSslCerts=true, webStorageEnabled=true, locationContextEnabled=true, browserName=firefox, takesScreenshot=true, javascriptEnabled=true, cssSelectorsEnabled=true}]
Session ID: b2bf6a24-ab56-48ee-93cc-72db9c7dc51f
at org.openqa.selenium.remote.ErrorHandler.createThrowable(ErrorHandler.java:204)
at org.openqa.selenium.remote.ErrorHandler.throwIfResponseFailed(ErrorHandler.java:156)
at org.openqa.selenium.remote.RemoteWebDriver.execute(RemoteWebDriver.java:599)
at org.openqa.selenium.remote.RemoteWebElement.execute(RemoteWebElement.java:268)
at org.openqa.selenium.remote.RemoteWebElement.click(RemoteWebElement.java:79)
at org.openqa.selenium.support.events.EventFiringWebDriver$EventFiringWebElement$1.invoke(EventFiringWebDriver.java:331)
at com.sun.proxy.$Proxy11.click(Unknown Source)
at org.openqa.selenium.support.events.EventFiringWebDriver$EventFiringWebElement.click(EventFiringWebDriver.java:344)
at Com.crm.qa.pages.FriendsPage.SelectFriendContact(FriendsPage.java:30)
at Com.crm.qa.testCases.FriendsPageTest.ImageLinkClick(FriendsPageTest.java:53)
Caused by: org.openqa.selenium.ElementNotVisibleException: Element is not currently visible and so may not be interacted with
Build info: version: '2.45.0', revision: '5017cb8e7ca8e37638dc3091b2440b90a1d8686f', time: '2015-02-27 09:10:26'
System info: host: 'Lenovo-PC', ip: '192.168.1.6', os.name: 'Windows 8.1', os.arch: 'amd64', os.version: '6.3', java.version: '1.8.0_251'
Driver info: driver.version: unknown
at <anonymous class>.fxdriver.preconditions.visible(file:///C:/Users/nidhi/AppData/Local/Temp/anonymous1921607139981872136webdriver-profile/extensions/fxdriver@googlecode.com/components/command-processor.js:9587)
at <anonymous class>.DelayedCommand.prototype.checkPreconditions_(file:///C:/Users/nidhi/AppData/Local/Temp/anonymous1921607139981872136webdriver-profile/extensions/fxdriver@googlecode.com/components/command-processor.js:12257)
at <anonymous class>.DelayedCommand.prototype.executeInternal_/h(file:///C:/Users/nidhi/AppData/Local/Temp/anonymous1921607139981872136webdriver-profile/extensions/fxdriver@googlecode.com/components/command-processor.js:12274)
at <anonymous class>.fxdriver.Timer.prototype.setTimeout/<.notify(file:///C:/Users/nidhi/AppData/Local/Temp/anonymous1921607139981872136webdriver-profile/extensions/fxdriver@googlecode.com/components/command-processor.js:603)
... Removed 32 stack frames]]>
    </failure>
  </testcase> <!-- ImageLinkClick -->
</testsuite> <!-- Test -->
